<?xml version="1.0" encoding="UTF-8"?>
<testsuite name="com.example.servingwebcontent.ServingWebContentApplicationTests" tests="1" skipped="0" failures="0" errors="0" timestamp="2023-03-11T12:04:00" hostname="DESKTOP-LRQOSKN" time="0.753">
  <properties/>
  <testcase name="contextLoads()" classname="com.example.servingwebcontent.ServingWebContentApplicationTests" time="0.753"/>
  <system-out><![CDATA[21:03:56.970 [Test worker] DEBUG org.springframework.boot.test.context.SpringBootTestContextBootstrapper - Neither @ContextConfiguration nor @ContextHierarchy found for test class [ServingWebContentApplicationTests]: using SpringBootContextLoader
21:03:56.990 [Test worker] DEBUG org.springframework.test.context.support.AbstractContextLoader - Could not detect default resource locations for test class [com.example.servingwebcontent.ServingWebContentApplicationTests]: no resource found for suffixes {-context.xml, Context.groovy}.
21:03:56.993 [Test worker] INFO org.springframework.test.context.support.AnnotationConfigContextLoaderUtils - Could not detect default configuration classes for test class [com.example.servingwebcontent.ServingWebContentApplicationTests]: ServingWebContentApplicationTests does not declare any static, non-private, non-final, nested classes annotated with @Configuration.
21:03:57.034 [Test worker] DEBUG org.springframework.boot.test.context.SpringBootTestContextBootstrapper - Using ContextCustomizers for test class [ServingWebContentApplicationTests]: [DisableObservabilityContextCustomizer, PropertyMappingContextCustomizer, Customizer, ExcludeFilterContextCustomizer, DuplicateJsonObjectContextCustomizer, MockitoContextCustomizer, TestRestTemplateContextCustomizer]
21:03:57.145 [Test worker] DEBUG org.springframework.context.annotation.ClassPathScanningCandidateComponentProvider - Identified candidate component class: file [E:\GeniusWork\JSP\spring-start\gs-serving-web-content\initial\build\classes\java\main\com\example\servingwebcontent\ServingWebContentApplication.class]
21:03:57.156 [Test worker] INFO org.springframework.boot.test.context.SpringBootTestContextBootstrapper - Found @SpringBootConfiguration com.example.servingwebcontent.ServingWebContentApplication for test class com.example.servingwebcontent.ServingWebContentApplicationTests
21:03:57.346 [Test worker] DEBUG org.springframework.test.context.util.TestContextSpringFactoriesUtils - Skipping candidate TestExecutionListener [org.springframework.test.context.transaction.TransactionalTestExecutionListener] due to a missing dependency. Specify custom TestExecutionListener classes or make the default TestExecutionListener classes and their required dependencies available. Offending class: [org/springframework/transaction/interceptor/TransactionAttributeSource]
21:03:57.358 [Test worker] DEBUG org.springframework.test.context.util.TestContextSpringFactoriesUtils - Skipping candidate TestExecutionListener [org.springframework.test.context.jdbc.SqlScriptsTestExecutionListener] due to a missing dependency. Specify custom TestExecutionListener classes or make the default TestExecutionListener classes and their required dependencies available. Offending class: [org/springframework/transaction/interceptor/TransactionAttribute]
21:03:57.367 [Test worker] DEBUG org.springframework.boot.test.context.SpringBootTestContextBootstrapper - Using TestExecutionListeners for test class [ServingWebContentApplicationTests]: [ServletTestExecutionListener, DirtiesContextBeforeModesTestExecutionListener, ApplicationEventsTestExecutionListener, MockitoTestExecutionListener, DependencyInjectionTestExecutionListener, DirtiesContextTestExecutionListener, EventPublishingTestExecutionListener, RestDocsTestExecutionListener, MockRestServiceServerResetTestExecutionListener, MockMvcPrintOnlyOnFailureTestExecutionListener, WebDriverTestExecutionListener, MockWebServiceServerTestExecutionListener, ResetMocksTestExecutionListener]
21:03:57.372 [Test worker] DEBUG org.springframework.test.context.support.AbstractDirtiesContextTestExecutionListener - Before test class: class [ServingWebContentApplicationTests], class annotated with @DirtiesContext [false] with mode [null]

  .   ____          _            __ _ _
 /\\ / ___'_ __ _ _(_)_ __  __ _ \ \ \ \
( ( )\___ | '_ | '_| | '_ \/ _` | \ \ \ \
 \\/  ___)| |_)| | | | | || (_| |  ) ) ) )
  '  |____| .__|_| |_|_| |_\__, | / / / /
 =========|_|==============|___/=/_/_/_/
 :: Spring Boot ::                (v3.0.0)

2023-03-11T21:03:58.001+09:00  INFO 17844 --- [    Test worker] c.e.s.ServingWebContentApplicationTests  : Starting ServingWebContentApplicationTests using Java 17.0.6 with PID 17844 (started by Admin in E:\GeniusWork\JSP\spring-start\gs-serving-web-content\initial)
2023-03-11T21:03:58.003+09:00  INFO 17844 --- [    Test worker] c.e.s.ServingWebContentApplicationTests  : No active profile set, falling back to 1 default profile: "default"
2023-03-11T21:04:00.436+09:00  INFO 17844 --- [    Test worker] c.e.s.ServingWebContentApplicationTests  : Started ServingWebContentApplicationTests in 2.87 seconds (process running for 5.695)
]]></system-out>
  <system-err><![CDATA[]]></system-err>
</testsuite>
